<?xml version="1.0" encoding="UTF-8"?>
<!-- Generated by org.testng.reporters.JUnitReportReporter -->
<testsuite skipped="0" hostname="LAPTOP-BUSVN3J2" name="org.example.AppTest" tests="1" failures="0" timestamp="2021-08-17T15:22:39 EET" time="0.015" errors="0">
  <testcase name="shouldAnswerWithTrue" time="0.015" classname="org.example.AppTest"/>
  <system-out/>
</testsuite> <!-- org.example.AppTest -->
